<?xml version="1.0" encoding="UTF-8"?>
<!-- Generated by org.testng.reporters.JUnitReportReporter -->
<testsuite hostname="harinijp" failures="0" tests="1" name="day22.DemoLogin" time="7.651" errors="0" timestamp="2025-08-13T13:04:02 IST" skipped="0">
  <testcase classname="day22.DemoLogin" name="loginUser" time="7.651"/>
</testsuite> <!-- day22.DemoLogin -->
