<?xml version="1.0" encoding="UTF-8"?>
<!-- Generated by org.testng.reporters.JUnitReportReporter -->
<testsuite hostname="harinijp" failures="0" tests="2" name="day22.DemoWebshop" time="10.075" errors="0" timestamp="2025-08-13T12:36:25 IST" skipped="0">
  <testcase classname="day22.DemoWebshop" name="registerNewUser" time="7.911"/>
  <testcase classname="day22.DemoWebshop" name="launchGoogle" time="2.164"/>
</testsuite> <!-- day22.DemoWebshop -->
