<?xml version="1.0" encoding="UTF-8"?>
<!-- Generated by org.testng.reporters.JUnitReportReporter -->
<testsuite hostname="harinijp" failures="0" tests="2" name="testingCodes.DemoWebshop" time="11.771" errors="0" timestamp="2025-08-13T22:59:17 IST" skipped="0">
  <testcase classname="testingCodes.DemoWebshop" name="registerNewUser" time="9.216"/>
  <testcase classname="testingCodes.DemoWebshop" name="launchGoogle" time="2.555"/>
</testsuite> <!-- testingCodes.DemoWebshop -->
