<?xml version="1.0" encoding="UTF-8"?>
<!-- Generated by org.testng.reporters.JUnitReportReporter -->
<testsuite hostname="harinijp" failures="0" tests="1" name="testingCodes.DemoLogin" time="8.142" errors="0" timestamp="2025-08-13T22:59:17 IST" skipped="0">
  <testcase classname="testingCodes.DemoLogin" name="loginUser" time="8.142"/>
</testsuite> <!-- testingCodes.DemoLogin -->
