<?xml version="1.0" encoding="UTF-8"?>
<!-- Generated by org.testng.reporters.JUnitReportReporter -->
<testsuite hostname="harinijp" failures="0" tests="2" name="testingCodes.Annotations" time="5.679" errors="0" timestamp="2025-08-13T22:59:17 IST" skipped="0">
  <testcase classname="testingCodes.Annotations" name="verifypage" time="1.922"/>
  <testcase classname="testingCodes.Annotations" name="LoginTest" time="3.757"/>
</testsuite> <!-- testingCodes.Annotations -->
